Started execution at Wed May 13 05:02:56 2020

Child successfully is created (its pid: 22072)
Process {
	pid: 22072,
	ppid: 1,
	gid: 1000,
	egid: 1000,
	sid: 22072,
	uid: 1000,
	euid: 1000
}
Bro bruh (0)...
Bro bruh (1)...
Bro bruh (2)...
Bro bruh (3)...
Bro bruh (4)...
Bro bruh (5)...
Bro bruh (6)...
Bro bruh (7)...
Bro bruh (8)...
Bro bruh (9)...
Bro bruh (10)...
Bro bruh (11)...
Bro bruh (12)...
Bro bruh (13)...
Bro bruh (14)...
Bro bruh (15)...
Bro bruh (16)...
Bro bruh (17)...
Bro bruh (18)...
Bro bruh (19)...
Bro bruh (20)...
Bro bruh (21)...
Bro bruh (22)...
Bro bruh (23)...
Bro bruh (24)...
Bro bruh (25)...
Bro bruh (26)...
Bro bruh (27)...
Bro bruh (28)...
Bro bruh (29)...
Bro bruh (30)...
Bro bruh (31)...
Bro bruh (32)...
Bro bruh (33)...
Bro bruh (34)...
Bro bruh (35)...
Bro bruh (36)...
Bro bruh (37)...
Bro bruh (38)...
Bro bruh (39)...
Bro bruh (40)...
Bro bruh (41)...
Bro bruh (42)...
Bro bruh (43)...
Bro bruh (44)...
Bro bruh (45)...
Bro bruh (46)...
Bro bruh (47)...
Bro bruh (48)...
Bro bruh (49)...
Bro bruh (50)...
Bro bruh (51)...
Bro bruh (52)...
Bro bruh (53)...
Bro bruh (54)...
Bro bruh (55)...
Bro bruh (56)...
Bro bruh (57)...
Bro bruh (58)...
Bro bruh (59)...
Bro bruh (60)...
Bro bruh (61)...
Bro bruh (62)...
Bro bruh (63)...
Bro bruh (64)...
Bro bruh (65)...
Bro bruh (66)...
Bro bruh (67)...
Bro bruh (68)...
Bro bruh (69)...
Bro bruh (70)...
Bro bruh (71)...
Bro bruh (72)...
Bro bruh (73)...
Bro bruh (74)...
Bro bruh (75)...
Bro bruh (76)...
Bro bruh (77)...
Bro bruh (78)...
Bro bruh (79)...
Bro bruh (80)...
Bro bruh (81)...
Bro bruh (82)...
Bro bruh (83)...
Bro bruh (84)...
Bro bruh (85)...
Bro bruh (86)...
Bro bruh (87)...
Bro bruh (88)...
Bro bruh (89)...
Bro bruh (90)...
Bro bruh (91)...
Bro bruh (92)...
Bro bruh (93)...
Bro bruh (94)...
Bro bruh (95)...
Bro bruh (96)...
Bro bruh (97)...
Bro bruh (98)...
Bro bruh (99)...
Bro bruh (100)...
Bro bruh (101)...
Bro bruh (102)...
Bro bruh (103)...
Bro bruh (104)...
Bro bruh (105)...
Bro bruh (106)...
Bro bruh (107)...
Bro bruh (108)...
Bro bruh (109)...
Bro bruh (110)...
Bro bruh (111)...
Bro bruh (112)...
Bro bruh (113)...
Bro bruh (114)...
Bro bruh (115)...
Bro bruh (116)...
Bro bruh (117)...
Bro bruh (118)...
Bro bruh (119)...
Bro bruh (120)...
Bro bruh (121)...
Bro bruh (122)...
Bro bruh (123)...
Bro bruh (124)...
Bro bruh (125)...
Bro bruh (126)...
Bro bruh (127)...
Bro bruh (128)...
Bro bruh (129)...
Bro bruh (130)...
Bro bruh (131)...
Bro bruh (132)...
Bro bruh (133)...
Bro bruh (134)...
Bro bruh (135)...
